<?xml version='1.0'?>
<ns2:test-suite xmlns:ns2='urn:model.allure.qatools.yandex.ru' start='1645058342092' stop='1645058343935'>
    <name>Webdriver.io</name>
    <title>Webdriver.io</title>
    <test-cases>
        <test-case start='1645058342093' status='failed' stop='1645058343933'>
            <name>should have the right title</name>
            <title>should have the right title</title>
            <labels>
                <label name='language' value='javascript'/>
                <label name='framework' value='wdio'/>
                <label name='thread' value='0-0'/>
            </labels>
            <parameters>
                <parameter kind='argument' name='browser' value='chrome-98.0.4758.102'/>
            </parameters>
            <steps>
                <step start='1645058342095' status='passed' stop='1645058343718'>
                    <name>POST /session/:sessionId/url</name>
                    <title>POST /session/:sessionId/url</title>
                    <attachments>
                        <attachment title='Request' source='fe709bd6-539e-4b52-8730-74e4d5fbde0e-attachment.json' type='application/json' size='36'/>
                    </attachments>
                    <steps/>
                </step>
                <step start='1645058343720' status='passed' stop='1645058343900'>
                    <name>GET /session/:sessionId/title</name>
                    <title>GET /session/:sessionId/title</title>
                    <attachments>
                        <attachment title='Screenshot' source='8385e2a4-5059-45fd-a89b-052cc3ee23d7-attachment.png' type='image/png' size='52529'/>
                    </attachments>
                    <steps>
                        <step start='1645058343721' status='passed' stop='1645058343733'>
                            <name>GET /session/:sessionId/screenshot</name>
                            <title>GET /session/:sessionId/screenshot</title>
                            <attachments>
                                <attachment title='Response' source='47836a34-b9dc-403a-99b9-28508c1c8192-attachment.json' type='application/json' size='95'/>
                            </attachments>
                            <steps/>
                        </step>
                    </steps>
                </step>
            </steps>
            <attachments/>
            <failure>
                <message>Expected values to be strictly equal:
                + actual - expected
                
                + Promise {
                +   &lt;pending>
                + }
                - 'WebdriverIO - Next-gen browser and mobile automation test framework for Node.js'      
                      actual expected
                      
                      Promise'WebdriverIO [Promise]- {}Next-gen browser and mobile automation test framework for Node.js'
                      </message>
                <stack-trace>AssertionError [ERR_ASSERTION]: Expected values to be strictly equal:
                + actual - expected
                
                + Promise {
                +   &lt;pending>
                + }
                - 'WebdriverIO - Next-gen browser and mobile automation test framework for Node.js'
                    at Context.&lt;anonymous> (C:\Users\Dev\Desktop\webdriver.io course\wdio-sample\test\specs\example-wdio.js:10:12)
                    at processTicksAndRejections (internal/process/task_queues.js:95:5)</stack-trace>
            </failure>
        </test-case>
    </test-cases>
</ns2:test-suite>