<?xml version='1.0'?>
<ns2:test-suite xmlns:ns2='urn:model.allure.qatools.yandex.ru' start='1645058286978' stop='1645058288898'>
    <name>Webdriver.io</name>
    <title>Webdriver.io</title>
    <test-cases>
        <test-case start='1645058286978' status='failed' stop='1645058288897'>
            <name>should have the right title</name>
            <title>should have the right title</title>
            <labels>
                <label name='language' value='javascript'/>
                <label name='framework' value='wdio'/>
                <label name='thread' value='0-0'/>
            </labels>
            <parameters>
                <parameter kind='argument' name='browser' value='chrome-98.0.4758.102'/>
            </parameters>
            <steps>
                <step start='1645058286980' status='passed' stop='1645058288688'>
                    <name>POST /session/:sessionId/url</name>
                    <title>POST /session/:sessionId/url</title>
                    <attachments>
                        <attachment title='Request' source='b01de5c3-9fbe-4300-9124-2306e041bdae-attachment.json' type='application/json' size='36'/>
                    </attachments>
                    <steps/>
                </step>
                <step start='1645058288690' status='passed' stop='1645058288891'>
                    <name>GET /session/:sessionId/title</name>
                    <title>GET /session/:sessionId/title</title>
                    <attachments>
                        <attachment title='Screenshot' source='147cab67-a206-4571-8737-381c20413343-attachment.png' type='image/png' size='52597'/>
                    </attachments>
                    <steps>
                        <step start='1645058288692' status='passed' stop='1645058288708'>
                            <name>GET /session/:sessionId/screenshot</name>
                            <title>GET /session/:sessionId/screenshot</title>
                            <attachments>
                                <attachment title='Response' source='32743f5c-40a7-4dcc-93e3-224cbf239b12-attachment.json' type='application/json' size='95'/>
                            </attachments>
                            <steps/>
                        </step>
                    </steps>
                </step>
            </steps>
            <attachments/>
            <failure>
                <message>Expected values to be strictly equal:
                + actual - expected
                
                + Promise {
                +   &lt;pending>
                + }
                - 'WebdriverIO Next-gen browser and mobile automation test framework for Node.js | WebdriverIO'      
                      actual expected
                      
                      Promise'WebdriverIO [Promise]Next-gen {}browser and mobile automation test framework for Node.js | WebdriverIO'
                      </message>
                <stack-trace>AssertionError [ERR_ASSERTION]: Expected values to be strictly equal:
                + actual - expected
                
                + Promise {
                +   &lt;pending>
                + }
                - 'WebdriverIO Next-gen browser and mobile automation test framework for Node.js | WebdriverIO'
                    at Context.&lt;anonymous> (C:\Users\Dev\Desktop\webdriver.io course\wdio-sample\test\specs\example-wdio.js:10:12)
                    at processTicksAndRejections (internal/process/task_queues.js:95:5)</stack-trace>
            </failure>
        </test-case>
    </test-cases>
</ns2:test-suite>